test_p1 (__main__.Test.test_p1) ... ERROR
test_p10 (__main__.Test.test_p10) ... ERROR
test_p2 (__main__.Test.test_p2) ... ERROR
test_p3 (__main__.Test.test_p3) ... ERROR
test_p4 (__main__.Test.test_p4) ... ERROR
test_p5 (__main__.Test.test_p5) ... ERROR
test_p6 (__main__.Test.test_p6) ... ERROR
test_p7 (__main__.Test.test_p7) ... ERROR
test_p8 (__main__.Test.test_p8) ... ok
test_p9 (__main__.Test.test_p9) ... ok

======================================================================
ERROR: test_p1 (__main__.Test.test_p1)
----------------------------------------------------------------------
Traceback (most recent call last):
  File "/Users/macbook/GitHub/prg-basics-1/05-MockTest/grade-programs.py", line 13, in test_p1
    import p1
ModuleNotFoundError: No module named 'p1'

======================================================================
ERROR: test_p10 (__main__.Test.test_p10)
----------------------------------------------------------------------
Traceback (most recent call last):
  File "/Users/macbook/GitHub/prg-basics-1/05-MockTest/grade-programs.py", line 68, in test_p10
    import p10
ModuleNotFoundError: No module named 'p10'

======================================================================
ERROR: test_p2 (__main__.Test.test_p2)
----------------------------------------------------------------------
Traceback (most recent call last):
  File "/Users/macbook/GitHub/prg-basics-1/05-MockTest/grade-programs.py", line 20, in test_p2
    import p2
ModuleNotFoundError: No module named 'p2'

======================================================================
ERROR: test_p3 (__main__.Test.test_p3)
----------------------------------------------------------------------
Traceback (most recent call last):
  File "/Users/macbook/GitHub/prg-basics-1/05-MockTest/grade-programs.py", line 28, in test_p3
    import p3
ModuleNotFoundError: No module named 'p3'

======================================================================
ERROR: test_p4 (__main__.Test.test_p4)
----------------------------------------------------------------------
Traceback (most recent call last):
  File "/Users/macbook/GitHub/prg-basics-1/05-MockTest/grade-programs.py", line 33, in test_p4
    import p4
ModuleNotFoundError: No module named 'p4'

======================================================================
ERROR: test_p5 (__main__.Test.test_p5)
----------------------------------------------------------------------
Traceback (most recent call last):
  File "/Users/macbook/GitHub/prg-basics-1/05-MockTest/grade-programs.py", line 38, in test_p5
    import p5
ModuleNotFoundError: No module named 'p5'

======================================================================
ERROR: test_p6 (__main__.Test.test_p6)
----------------------------------------------------------------------
Traceback (most recent call last):
  File "/Users/macbook/GitHub/prg-basics-1/05-MockTest/grade-programs.py", line 45, in test_p6
    import p6
ModuleNotFoundError: No module named 'p6'

======================================================================
ERROR: test_p7 (__main__.Test.test_p7)
----------------------------------------------------------------------
Traceback (most recent call last):
  File "/Users/macbook/GitHub/prg-basics-1/05-MockTest/grade-programs.py", line 50, in test_p7
    import p7
ModuleNotFoundError: No module named 'p7'

----------------------------------------------------------------------
Ran 10 tests in 0.003s

FAILED (errors=8)
